2015-11-23 10:20:22:020-[NOMS][TRM] INFO [main] CollectionFactory.<clinit>(73) | JDK 1.4+ collections available
 2015-11-23 10:20:22:020-[NOMS][TRM] INFO [main] XmlBeanDefinitionReader.loadBeanDefinitions(330) | Loading XML bean definitions from class path resource [beans.xml]
 2015-11-23 10:20:23:020-[NOMS][TRM] INFO [main] AbstractRefreshableApplicationContext.refreshBeanFactory(100) | Bean factory for application context [org.springframework.context.support.ClassPathXmlApplicationContext;hashCode=1787947645]: org.springframework.beans.factory.support.DefaultListableBeanFactory defining beans [org.springframework.beans.factory.config.PropertyPlaceholderConfigurer,dataSource,dB]; root of BeanFactory hierarchy
 2015-11-23 10:20:23:020-[NOMS][TRM] INFO [main] AbstractApplicationContext.refresh(322) | 3 beans defined in application context [org.springframework.context.support.ClassPathXmlApplicationContext;hashCode=1787947645]
 2015-11-23 10:20:23:020-[NOMS][TRM] INFO [main] PropertiesLoaderSupport.loadProperties(175) | Loading properties file from class path resource [db.properties]
 2015-11-23 10:20:23:020-[NOMS][TRM] INFO [main] AbstractApplicationContext.initMessageSource(473) | Unable to locate MessageSource with name 'messageSource': using default [org.springframework.context.support.DelegatingMessageSource@5221b229]
 2015-11-23 10:20:23:020-[NOMS][TRM] INFO [main] AbstractApplicationContext.initApplicationEventMulticaster(495) | Unable to locate ApplicationEventMulticaster with name 'applicationEventMulticaster': using default [org.springframework.context.event.SimpleApplicationEventMulticaster@40fe4ac9]
 2015-11-23 10:20:23:020-[NOMS][TRM] INFO [main] DefaultListableBeanFactory.preInstantiateSingletons(261) | Pre-instantiating singletons in factory [org.springframework.beans.factory.support.DefaultListableBeanFactory defining beans [org.springframework.beans.factory.config.PropertyPlaceholderConfigurer,dataSource,dB]; root of BeanFactory hierarchy]
 2015-11-23 10:21:00:021-[NOMS][TRM] INFO [main] CollectionFactory.<clinit>(73) | JDK 1.4+ collections available
 2015-11-23 10:21:00:021-[NOMS][TRM] INFO [main] XmlBeanDefinitionReader.loadBeanDefinitions(330) | Loading XML bean definitions from class path resource [beans.xml]
 2015-11-23 10:21:01:021-[NOMS][TRM] INFO [main] AbstractRefreshableApplicationContext.refreshBeanFactory(100) | Bean factory for application context [org.springframework.context.support.ClassPathXmlApplicationContext;hashCode=1461448112]: org.springframework.beans.factory.support.DefaultListableBeanFactory defining beans [org.springframework.beans.factory.config.PropertyPlaceholderConfigurer,dataSource,dB]; root of BeanFactory hierarchy
 2015-11-23 10:21:01:021-[NOMS][TRM] INFO [main] AbstractApplicationContext.refresh(322) | 3 beans defined in application context [org.springframework.context.support.ClassPathXmlApplicationContext;hashCode=1461448112]
 2015-11-23 10:21:01:021-[NOMS][TRM] INFO [main] PropertiesLoaderSupport.loadProperties(175) | Loading properties file from class path resource [db.properties]
 2015-11-23 10:21:01:021-[NOMS][TRM] INFO [main] AbstractApplicationContext.initMessageSource(473) | Unable to locate MessageSource with name 'messageSource': using default [org.springframework.context.support.DelegatingMessageSource@5ea5b932]
 2015-11-23 10:21:01:021-[NOMS][TRM] INFO [main] AbstractApplicationContext.initApplicationEventMulticaster(495) | Unable to locate ApplicationEventMulticaster with name 'applicationEventMulticaster': using default [org.springframework.context.event.SimpleApplicationEventMulticaster@55cbf3f8]
 2015-11-23 10:21:01:021-[NOMS][TRM] INFO [main] DefaultListableBeanFactory.preInstantiateSingletons(261) | Pre-instantiating singletons in factory [org.springframework.beans.factory.support.DefaultListableBeanFactory defining beans [org.springframework.beans.factory.config.PropertyPlaceholderConfigurer,dataSource,dB]; root of BeanFactory hierarchy]
 2015-11-23 10:21:47:021-[NOMS][TRM] INFO [main] CollectionFactory.<clinit>(73) | JDK 1.4+ collections available
 2015-11-23 10:21:47:021-[NOMS][TRM] INFO [main] XmlBeanDefinitionReader.loadBeanDefinitions(330) | Loading XML bean definitions from class path resource [beans.xml]
 2015-11-23 10:21:47:021-[NOMS][TRM] INFO [main] AbstractRefreshableApplicationContext.refreshBeanFactory(100) | Bean factory for application context [org.springframework.context.support.ClassPathXmlApplicationContext;hashCode=1787947645]: org.springframework.beans.factory.support.DefaultListableBeanFactory defining beans [org.springframework.beans.factory.config.PropertyPlaceholderConfigurer,dataSource,dB]; root of BeanFactory hierarchy
 2015-11-23 10:21:47:021-[NOMS][TRM] INFO [main] AbstractApplicationContext.refresh(322) | 3 beans defined in application context [org.springframework.context.support.ClassPathXmlApplicationContext;hashCode=1787947645]
 2015-11-23 10:21:47:021-[NOMS][TRM] INFO [main] PropertiesLoaderSupport.loadProperties(175) | Loading properties file from class path resource [db.properties]
 2015-11-23 10:21:47:021-[NOMS][TRM] INFO [main] AbstractApplicationContext.initMessageSource(473) | Unable to locate MessageSource with name 'messageSource': using default [org.springframework.context.support.DelegatingMessageSource@5221b229]
 2015-11-23 10:21:47:021-[NOMS][TRM] INFO [main] AbstractApplicationContext.initApplicationEventMulticaster(495) | Unable to locate ApplicationEventMulticaster with name 'applicationEventMulticaster': using default [org.springframework.context.event.SimpleApplicationEventMulticaster@40fe4ac9]
 2015-11-23 10:21:47:021-[NOMS][TRM] INFO [main] DefaultListableBeanFactory.preInstantiateSingletons(261) | Pre-instantiating singletons in factory [org.springframework.beans.factory.support.DefaultListableBeanFactory defining beans [org.springframework.beans.factory.config.PropertyPlaceholderConfigurer,dataSource,dB]; root of BeanFactory hierarchy]
 2015-11-23 10:22:05:022-[NOMS][TRM] INFO [main] CollectionFactory.<clinit>(73) | JDK 1.4+ collections available
 2015-11-23 10:22:05:022-[NOMS][TRM] INFO [main] XmlBeanDefinitionReader.loadBeanDefinitions(330) | Loading XML bean definitions from class path resource [beans.xml]
 2015-11-23 10:22:05:022-[NOMS][TRM] INFO [main] AbstractRefreshableApplicationContext.refreshBeanFactory(100) | Bean factory for application context [org.springframework.context.support.ClassPathXmlApplicationContext;hashCode=297397044]: org.springframework.beans.factory.support.DefaultListableBeanFactory defining beans [org.springframework.beans.factory.config.PropertyPlaceholderConfigurer,dataSource,dB]; root of BeanFactory hierarchy
 2015-11-23 10:22:05:022-[NOMS][TRM] INFO [main] AbstractApplicationContext.refresh(322) | 3 beans defined in application context [org.springframework.context.support.ClassPathXmlApplicationContext;hashCode=297397044]
 2015-11-23 10:22:05:022-[NOMS][TRM] INFO [main] PropertiesLoaderSupport.loadProperties(175) | Loading properties file from class path resource [db.properties]
 2015-11-23 10:22:05:022-[NOMS][TRM] INFO [main] AbstractApplicationContext.initMessageSource(473) | Unable to locate MessageSource with name 'messageSource': using default [org.springframework.context.support.DelegatingMessageSource@2237cbdf]
 2015-11-23 10:22:05:022-[NOMS][TRM] INFO [main] AbstractApplicationContext.initApplicationEventMulticaster(495) | Unable to locate ApplicationEventMulticaster with name 'applicationEventMulticaster': using default [org.springframework.context.event.SimpleApplicationEventMulticaster@76dff374]
 2015-11-23 10:22:05:022-[NOMS][TRM] INFO [main] DefaultListableBeanFactory.preInstantiateSingletons(261) | Pre-instantiating singletons in factory [org.springframework.beans.factory.support.DefaultListableBeanFactory defining beans [org.springframework.beans.factory.config.PropertyPlaceholderConfigurer,dataSource,dB]; root of BeanFactory hierarchy]
 2015-11-23 10:22:06:022-[NOMS][TRM] INFO [main] XmlBeanDefinitionReader.loadBeanDefinitions(330) | Loading XML bean definitions from class path resource [org/springframework/jdbc/support/sql-error-codes.xml]
 2015-11-23 10:22:06:022-[NOMS][TRM] INFO [main] SQLErrorCodesFactory.<init>(128) | SQLErrorCodes loaded: [DB2, Derby, HSQL, Informix, MS-SQL, MySQL, Oracle, PostgreSQL, Sybase]
 2015-11-23 10:25:34:025-[NOMS][TRM] INFO [main] CollectionFactory.<clinit>(73) | JDK 1.4+ collections available
 2015-11-23 10:25:34:025-[NOMS][TRM] INFO [main] XmlBeanDefinitionReader.loadBeanDefinitions(330) | Loading XML bean definitions from class path resource [beans.xml]
 2015-11-23 10:25:34:025-[NOMS][TRM] INFO [main] AbstractRefreshableApplicationContext.refreshBeanFactory(100) | Bean factory for application context [org.springframework.context.support.ClassPathXmlApplicationContext;hashCode=790436953]: org.springframework.beans.factory.support.DefaultListableBeanFactory defining beans [org.springframework.beans.factory.config.PropertyPlaceholderConfigurer,dataSource,dB]; root of BeanFactory hierarchy
 2015-11-23 10:25:34:025-[NOMS][TRM] INFO [main] AbstractApplicationContext.refresh(322) | 3 beans defined in application context [org.springframework.context.support.ClassPathXmlApplicationContext;hashCode=790436953]
 2015-11-23 10:25:34:025-[NOMS][TRM] INFO [main] PropertiesLoaderSupport.loadProperties(175) | Loading properties file from class path resource [db.properties]
 2015-11-23 10:25:34:025-[NOMS][TRM] INFO [main] AbstractApplicationContext.initMessageSource(473) | Unable to locate MessageSource with name 'messageSource': using default [org.springframework.context.support.DelegatingMessageSource@748996e8]
 2015-11-23 10:25:34:025-[NOMS][TRM] INFO [main] AbstractApplicationContext.initApplicationEventMulticaster(495) | Unable to locate ApplicationEventMulticaster with name 'applicationEventMulticaster': using default [org.springframework.context.event.SimpleApplicationEventMulticaster@1d25d8a0]
 2015-11-23 10:25:34:025-[NOMS][TRM] INFO [main] DefaultListableBeanFactory.preInstantiateSingletons(261) | Pre-instantiating singletons in factory [org.springframework.beans.factory.support.DefaultListableBeanFactory defining beans [org.springframework.beans.factory.config.PropertyPlaceholderConfigurer,dataSource,dB]; root of BeanFactory hierarchy]
 2015-11-23 10:25:35:025-[NOMS][TRM] INFO [main] XmlBeanDefinitionReader.loadBeanDefinitions(330) | Loading XML bean definitions from class path resource [org/springframework/jdbc/support/sql-error-codes.xml]
 2015-11-23 10:25:35:025-[NOMS][TRM] INFO [main] SQLErrorCodesFactory.<init>(128) | SQLErrorCodes loaded: [DB2, Derby, HSQL, Informix, MS-SQL, MySQL, Oracle, PostgreSQL, Sybase]
 2015-11-23 10:26:08:026-[NOMS][TRM] INFO [main] CollectionFactory.<clinit>(73) | JDK 1.4+ collections available
 2015-11-23 10:26:08:026-[NOMS][TRM] INFO [main] XmlBeanDefinitionReader.loadBeanDefinitions(330) | Loading XML bean definitions from class path resource [beans.xml]
 2015-11-23 10:26:08:026-[NOMS][TRM] INFO [main] AbstractRefreshableApplicationContext.refreshBeanFactory(100) | Bean factory for application context [org.springframework.context.support.ClassPathXmlApplicationContext;hashCode=297397044]: org.springframework.beans.factory.support.DefaultListableBeanFactory defining beans [org.springframework.beans.factory.config.PropertyPlaceholderConfigurer,dataSource,dB]; root of BeanFactory hierarchy
 2015-11-23 10:26:08:026-[NOMS][TRM] INFO [main] AbstractApplicationContext.refresh(322) | 3 beans defined in application context [org.springframework.context.support.ClassPathXmlApplicationContext;hashCode=297397044]
 2015-11-23 10:26:08:026-[NOMS][TRM] INFO [main] PropertiesLoaderSupport.loadProperties(175) | Loading properties file from class path resource [db.properties]
 2015-11-23 10:26:08:026-[NOMS][TRM] INFO [main] AbstractApplicationContext.initMessageSource(473) | Unable to locate MessageSource with name 'messageSource': using default [org.springframework.context.support.DelegatingMessageSource@2237cbdf]
 2015-11-23 10:26:08:026-[NOMS][TRM] INFO [main] AbstractApplicationContext.initApplicationEventMulticaster(495) | Unable to locate ApplicationEventMulticaster with name 'applicationEventMulticaster': using default [org.springframework.context.event.SimpleApplicationEventMulticaster@76dff374]
 2015-11-23 10:26:08:026-[NOMS][TRM] INFO [main] DefaultListableBeanFactory.preInstantiateSingletons(261) | Pre-instantiating singletons in factory [org.springframework.beans.factory.support.DefaultListableBeanFactory defining beans [org.springframework.beans.factory.config.PropertyPlaceholderConfigurer,dataSource,dB]; root of BeanFactory hierarchy]
 2015-11-23 10:26:09:026-[NOMS][TRM] INFO [main] XmlBeanDefinitionReader.loadBeanDefinitions(330) | Loading XML bean definitions from class path resource [org/springframework/jdbc/support/sql-error-codes.xml]
 2015-11-23 10:26:09:026-[NOMS][TRM] INFO [main] SQLErrorCodesFactory.<init>(128) | SQLErrorCodes loaded: [DB2, Derby, HSQL, Informix, MS-SQL, MySQL, Oracle, PostgreSQL, Sybase]
 2015-11-23 10:27:44:027-[NOMS][TRM] INFO [main] CollectionFactory.<clinit>(73) | JDK 1.4+ collections available
 2015-11-23 10:27:44:027-[NOMS][TRM] INFO [main] XmlBeanDefinitionReader.loadBeanDefinitions(330) | Loading XML bean definitions from class path resource [beans.xml]
 2015-11-23 10:27:44:027-[NOMS][TRM] INFO [main] AbstractRefreshableApplicationContext.refreshBeanFactory(100) | Bean factory for application context [org.springframework.context.support.ClassPathXmlApplicationContext;hashCode=297397044]: org.springframework.beans.factory.support.DefaultListableBeanFactory defining beans [org.springframework.beans.factory.config.PropertyPlaceholderConfigurer,dataSource,dB]; root of BeanFactory hierarchy
 2015-11-23 10:27:44:027-[NOMS][TRM] INFO [main] AbstractApplicationContext.refresh(322) | 3 beans defined in application context [org.springframework.context.support.ClassPathXmlApplicationContext;hashCode=297397044]
 2015-11-23 10:27:44:027-[NOMS][TRM] INFO [main] PropertiesLoaderSupport.loadProperties(175) | Loading properties file from class path resource [db.properties]
 2015-11-23 10:27:44:027-[NOMS][TRM] INFO [main] AbstractApplicationContext.initMessageSource(473) | Unable to locate MessageSource with name 'messageSource': using default [org.springframework.context.support.DelegatingMessageSource@17aee8b0]
 2015-11-23 10:27:44:027-[NOMS][TRM] INFO [main] AbstractApplicationContext.initApplicationEventMulticaster(495) | Unable to locate ApplicationEventMulticaster with name 'applicationEventMulticaster': using default [org.springframework.context.event.SimpleApplicationEventMulticaster@43c4e291]
 2015-11-23 10:27:44:027-[NOMS][TRM] INFO [main] DefaultListableBeanFactory.preInstantiateSingletons(261) | Pre-instantiating singletons in factory [org.springframework.beans.factory.support.DefaultListableBeanFactory defining beans [org.springframework.beans.factory.config.PropertyPlaceholderConfigurer,dataSource,dB]; root of BeanFactory hierarchy]
 2015-11-23 10:29:15:029-[NOMS][TRM] INFO [main] CollectionFactory.<clinit>(73) | JDK 1.4+ collections available
 2015-11-23 10:29:15:029-[NOMS][TRM] INFO [main] XmlBeanDefinitionReader.loadBeanDefinitions(330) | Loading XML bean definitions from class path resource [beans.xml]
 2015-11-23 10:29:15:029-[NOMS][TRM] INFO [main] AbstractRefreshableApplicationContext.refreshBeanFactory(100) | Bean factory for application context [org.springframework.context.support.ClassPathXmlApplicationContext;hashCode=297397044]: org.springframework.beans.factory.support.DefaultListableBeanFactory defining beans [org.springframework.beans.factory.config.PropertyPlaceholderConfigurer,dataSource,dB]; root of BeanFactory hierarchy
 2015-11-23 10:29:15:029-[NOMS][TRM] INFO [main] AbstractApplicationContext.refresh(322) | 3 beans defined in application context [org.springframework.context.support.ClassPathXmlApplicationContext;hashCode=297397044]
 2015-11-23 10:29:15:029-[NOMS][TRM] INFO [main] PropertiesLoaderSupport.loadProperties(175) | Loading properties file from class path resource [db.properties]
 2015-11-23 10:29:15:029-[NOMS][TRM] INFO [main] AbstractApplicationContext.initMessageSource(473) | Unable to locate MessageSource with name 'messageSource': using default [org.springframework.context.support.DelegatingMessageSource@23260f2f]
 2015-11-23 10:29:15:029-[NOMS][TRM] INFO [main] AbstractApplicationContext.initApplicationEventMulticaster(495) | Unable to locate ApplicationEventMulticaster with name 'applicationEventMulticaster': using default [org.springframework.context.event.SimpleApplicationEventMulticaster@5c877f84]
 2015-11-23 10:29:15:029-[NOMS][TRM] INFO [main] DefaultListableBeanFactory.preInstantiateSingletons(261) | Pre-instantiating singletons in factory [org.springframework.beans.factory.support.DefaultListableBeanFactory defining beans [org.springframework.beans.factory.config.PropertyPlaceholderConfigurer,dataSource,dB]; root of BeanFactory hierarchy]
 2015-11-23 12:19:22:019-[NOMS][TRM] INFO [main] CollectionFactory.<clinit>(73) | JDK 1.4+ collections available
 2015-11-23 12:19:22:019-[NOMS][TRM] INFO [main] XmlBeanDefinitionReader.loadBeanDefinitions(330) | Loading XML bean definitions from class path resource [beans.xml]
 2015-11-23 12:19:22:019-[NOMS][TRM] INFO [main] AbstractRefreshableApplicationContext.refreshBeanFactory(100) | Bean factory for application context [org.springframework.context.support.ClassPathXmlApplicationContext;hashCode=790436953]: org.springframework.beans.factory.support.DefaultListableBeanFactory defining beans [org.springframework.beans.factory.config.PropertyPlaceholderConfigurer,dataSource,dB]; root of BeanFactory hierarchy
 2015-11-23 12:19:22:019-[NOMS][TRM] INFO [main] AbstractApplicationContext.refresh(322) | 3 beans defined in application context [org.springframework.context.support.ClassPathXmlApplicationContext;hashCode=790436953]
 2015-11-23 12:19:23:019-[NOMS][TRM] INFO [main] PropertiesLoaderSupport.loadProperties(175) | Loading properties file from class path resource [db.properties]
 2015-11-23 12:19:23:019-[NOMS][TRM] INFO [main] AbstractApplicationContext.initMessageSource(473) | Unable to locate MessageSource with name 'messageSource': using default [org.springframework.context.support.DelegatingMessageSource@5221b229]
 2015-11-23 12:19:23:019-[NOMS][TRM] INFO [main] AbstractApplicationContext.initApplicationEventMulticaster(495) | Unable to locate ApplicationEventMulticaster with name 'applicationEventMulticaster': using default [org.springframework.context.event.SimpleApplicationEventMulticaster@40fe4ac9]
 2015-11-23 12:19:23:019-[NOMS][TRM] INFO [main] DefaultListableBeanFactory.preInstantiateSingletons(261) | Pre-instantiating singletons in factory [org.springframework.beans.factory.support.DefaultListableBeanFactory defining beans [org.springframework.beans.factory.config.PropertyPlaceholderConfigurer,dataSource,dB]; root of BeanFactory hierarchy]
 2015-11-23 12:19:59:019-[NOMS][TRM] INFO [main] CollectionFactory.<clinit>(73) | JDK 1.4+ collections available
 2015-11-23 12:19:59:019-[NOMS][TRM] INFO [main] XmlBeanDefinitionReader.loadBeanDefinitions(330) | Loading XML bean definitions from class path resource [beans.xml]
 2015-11-23 12:19:59:019-[NOMS][TRM] INFO [main] AbstractRefreshableApplicationContext.refreshBeanFactory(100) | Bean factory for application context [org.springframework.context.support.ClassPathXmlApplicationContext;hashCode=1157671939]: org.springframework.beans.factory.support.DefaultListableBeanFactory defining beans [org.springframework.beans.factory.config.PropertyPlaceholderConfigurer,dataSource,dB]; root of BeanFactory hierarchy
 2015-11-23 12:19:59:019-[NOMS][TRM] INFO [main] AbstractApplicationContext.refresh(322) | 3 beans defined in application context [org.springframework.context.support.ClassPathXmlApplicationContext;hashCode=1157671939]
 2015-11-23 12:20:00:020-[NOMS][TRM] INFO [main] PropertiesLoaderSupport.loadProperties(175) | Loading properties file from class path resource [db.properties]
 2015-11-23 12:20:00:020-[NOMS][TRM] INFO [main] AbstractApplicationContext.initMessageSource(473) | Unable to locate MessageSource with name 'messageSource': using default [org.springframework.context.support.DelegatingMessageSource@5ea5b932]
 2015-11-23 12:20:00:020-[NOMS][TRM] INFO [main] AbstractApplicationContext.initApplicationEventMulticaster(495) | Unable to locate ApplicationEventMulticaster with name 'applicationEventMulticaster': using default [org.springframework.context.event.SimpleApplicationEventMulticaster@55cbf3f8]
 2015-11-23 12:20:00:020-[NOMS][TRM] INFO [main] DefaultListableBeanFactory.preInstantiateSingletons(261) | Pre-instantiating singletons in factory [org.springframework.beans.factory.support.DefaultListableBeanFactory defining beans [org.springframework.beans.factory.config.PropertyPlaceholderConfigurer,dataSource,dB]; root of BeanFactory hierarchy]
 2015-11-23 12:22:20:022-[NOMS][TRM] INFO [main] CollectionFactory.<clinit>(73) | JDK 1.4+ collections available
 2015-11-23 12:22:20:022-[NOMS][TRM] INFO [main] XmlBeanDefinitionReader.loadBeanDefinitions(330) | Loading XML bean definitions from class path resource [beans.xml]
 2015-11-23 12:22:20:022-[NOMS][TRM] INFO [main] AbstractRefreshableApplicationContext.refreshBeanFactory(100) | Bean factory for application context [org.springframework.context.support.ClassPathXmlApplicationContext;hashCode=1157671939]: org.springframework.beans.factory.support.DefaultListableBeanFactory defining beans [org.springframework.beans.factory.config.PropertyPlaceholderConfigurer,dataSource,dB]; root of BeanFactory hierarchy
 2015-11-23 12:22:20:022-[NOMS][TRM] INFO [main] AbstractApplicationContext.refresh(322) | 3 beans defined in application context [org.springframework.context.support.ClassPathXmlApplicationContext;hashCode=1157671939]
 2015-11-23 12:22:20:022-[NOMS][TRM] INFO [main] PropertiesLoaderSupport.loadProperties(175) | Loading properties file from class path resource [db.properties]
 2015-11-23 12:22:20:022-[NOMS][TRM] INFO [main] AbstractApplicationContext.initMessageSource(473) | Unable to locate MessageSource with name 'messageSource': using default [org.springframework.context.support.DelegatingMessageSource@5ea5b932]
 2015-11-23 12:22:20:022-[NOMS][TRM] INFO [main] AbstractApplicationContext.initApplicationEventMulticaster(495) | Unable to locate ApplicationEventMulticaster with name 'applicationEventMulticaster': using default [org.springframework.context.event.SimpleApplicationEventMulticaster@55cbf3f8]
 2015-11-23 12:22:20:022-[NOMS][TRM] INFO [main] DefaultListableBeanFactory.preInstantiateSingletons(261) | Pre-instantiating singletons in factory [org.springframework.beans.factory.support.DefaultListableBeanFactory defining beans [org.springframework.beans.factory.config.PropertyPlaceholderConfigurer,dataSource,dB]; root of BeanFactory hierarchy]
 2015-11-23 12:22:56:022-[NOMS][TRM] INFO [main] CollectionFactory.<clinit>(73) | JDK 1.4+ collections available
 2015-11-23 12:22:56:022-[NOMS][TRM] INFO [main] XmlBeanDefinitionReader.loadBeanDefinitions(330) | Loading XML bean definitions from class path resource [beans.xml]
 2015-11-23 12:22:56:022-[NOMS][TRM] INFO [main] AbstractRefreshableApplicationContext.refreshBeanFactory(100) | Bean factory for application context [org.springframework.context.support.ClassPathXmlApplicationContext;hashCode=1157671939]: org.springframework.beans.factory.support.DefaultListableBeanFactory defining beans [org.springframework.beans.factory.config.PropertyPlaceholderConfigurer,dataSource,dB]; root of BeanFactory hierarchy
 2015-11-23 12:22:56:022-[NOMS][TRM] INFO [main] AbstractApplicationContext.refresh(322) | 3 beans defined in application context [org.springframework.context.support.ClassPathXmlApplicationContext;hashCode=1157671939]
 2015-11-23 12:22:56:022-[NOMS][TRM] INFO [main] PropertiesLoaderSupport.loadProperties(175) | Loading properties file from class path resource [db.properties]
 2015-11-23 12:22:56:022-[NOMS][TRM] INFO [main] AbstractApplicationContext.initMessageSource(473) | Unable to locate MessageSource with name 'messageSource': using default [org.springframework.context.support.DelegatingMessageSource@5ea5b932]
 2015-11-23 12:22:56:022-[NOMS][TRM] INFO [main] AbstractApplicationContext.initApplicationEventMulticaster(495) | Unable to locate ApplicationEventMulticaster with name 'applicationEventMulticaster': using default [org.springframework.context.event.SimpleApplicationEventMulticaster@55cbf3f8]
 2015-11-23 12:22:56:022-[NOMS][TRM] INFO [main] DefaultListableBeanFactory.preInstantiateSingletons(261) | Pre-instantiating singletons in factory [org.springframework.beans.factory.support.DefaultListableBeanFactory defining beans [org.springframework.beans.factory.config.PropertyPlaceholderConfigurer,dataSource,dB]; root of BeanFactory hierarchy]
 2015-11-23 12:26:22:026-[NOMS][TRM] INFO [main] CollectionFactory.<clinit>(73) | JDK 1.4+ collections available
 2015-11-23 12:26:23:026-[NOMS][TRM] INFO [main] XmlBeanDefinitionReader.loadBeanDefinitions(330) | Loading XML bean definitions from class path resource [beans.xml]
 2015-11-23 12:26:23:026-[NOMS][TRM] INFO [main] AbstractRefreshableApplicationContext.refreshBeanFactory(100) | Bean factory for application context [org.springframework.context.support.ClassPathXmlApplicationContext;hashCode=790436953]: org.springframework.beans.factory.support.DefaultListableBeanFactory defining beans [org.springframework.beans.factory.config.PropertyPlaceholderConfigurer,dataSource,dB]; root of BeanFactory hierarchy
 2015-11-23 12:26:23:026-[NOMS][TRM] INFO [main] AbstractApplicationContext.refresh(322) | 3 beans defined in application context [org.springframework.context.support.ClassPathXmlApplicationContext;hashCode=790436953]
 2015-11-23 12:26:23:026-[NOMS][TRM] INFO [main] PropertiesLoaderSupport.loadProperties(175) | Loading properties file from class path resource [db.properties]
 2015-11-23 12:26:23:026-[NOMS][TRM] INFO [main] AbstractApplicationContext.initMessageSource(473) | Unable to locate MessageSource with name 'messageSource': using default [org.springframework.context.support.DelegatingMessageSource@5221b229]
 2015-11-23 12:26:23:026-[NOMS][TRM] INFO [main] AbstractApplicationContext.initApplicationEventMulticaster(495) | Unable to locate ApplicationEventMulticaster with name 'applicationEventMulticaster': using default [org.springframework.context.event.SimpleApplicationEventMulticaster@40fe4ac9]
 2015-11-23 12:26:23:026-[NOMS][TRM] INFO [main] DefaultListableBeanFactory.preInstantiateSingletons(261) | Pre-instantiating singletons in factory [org.springframework.beans.factory.support.DefaultListableBeanFactory defining beans [org.springframework.beans.factory.config.PropertyPlaceholderConfigurer,dataSource,dB]; root of BeanFactory hierarchy]
 2015-11-23 12:27:48:027-[NOMS][TRM] INFO [main] CollectionFactory.<clinit>(73) | JDK 1.4+ collections available
 2015-11-23 12:27:48:027-[NOMS][TRM] INFO [main] XmlBeanDefinitionReader.loadBeanDefinitions(330) | Loading XML bean definitions from class path resource [beans.xml]
 2015-11-23 12:27:48:027-[NOMS][TRM] INFO [main] AbstractRefreshableApplicationContext.refreshBeanFactory(100) | Bean factory for application context [org.springframework.context.support.ClassPathXmlApplicationContext;hashCode=790436953]: org.springframework.beans.factory.support.DefaultListableBeanFactory defining beans [org.springframework.beans.factory.config.PropertyPlaceholderConfigurer,dataSource,dB]; root of BeanFactory hierarchy
 2015-11-23 12:27:48:027-[NOMS][TRM] INFO [main] AbstractApplicationContext.refresh(322) | 3 beans defined in application context [org.springframework.context.support.ClassPathXmlApplicationContext;hashCode=790436953]
 2015-11-23 12:27:48:027-[NOMS][TRM] INFO [main] PropertiesLoaderSupport.loadProperties(175) | Loading properties file from class path resource [db.properties]
 2015-11-23 12:27:48:027-[NOMS][TRM] INFO [main] AbstractApplicationContext.initMessageSource(473) | Unable to locate MessageSource with name 'messageSource': using default [org.springframework.context.support.DelegatingMessageSource@5221b229]
 2015-11-23 12:27:48:027-[NOMS][TRM] INFO [main] AbstractApplicationContext.initApplicationEventMulticaster(495) | Unable to locate ApplicationEventMulticaster with name 'applicationEventMulticaster': using default [org.springframework.context.event.SimpleApplicationEventMulticaster@40fe4ac9]
 2015-11-23 12:27:48:027-[NOMS][TRM] INFO [main] DefaultListableBeanFactory.preInstantiateSingletons(261) | Pre-instantiating singletons in factory [org.springframework.beans.factory.support.DefaultListableBeanFactory defining beans [org.springframework.beans.factory.config.PropertyPlaceholderConfigurer,dataSource,dB]; root of BeanFactory hierarchy]
 2015-11-23 12:29:23:029-[NOMS][TRM] INFO [main] CollectionFactory.<clinit>(73) | JDK 1.4+ collections available
 2015-11-23 12:29:23:029-[NOMS][TRM] INFO [main] XmlBeanDefinitionReader.loadBeanDefinitions(330) | Loading XML bean definitions from class path resource [beans.xml]
 2015-11-23 12:29:23:029-[NOMS][TRM] INFO [main] AbstractRefreshableApplicationContext.refreshBeanFactory(100) | Bean factory for application context [org.springframework.context.support.ClassPathXmlApplicationContext;hashCode=790436953]: org.springframework.beans.factory.support.DefaultListableBeanFactory defining beans [org.springframework.beans.factory.config.PropertyPlaceholderConfigurer,dataSource,dB]; root of BeanFactory hierarchy
 2015-11-23 12:29:23:029-[NOMS][TRM] INFO [main] AbstractApplicationContext.refresh(322) | 3 beans defined in application context [org.springframework.context.support.ClassPathXmlApplicationContext;hashCode=790436953]
 2015-11-23 12:29:23:029-[NOMS][TRM] INFO [main] PropertiesLoaderSupport.loadProperties(175) | Loading properties file from class path resource [db.properties]
 2015-11-23 12:29:23:029-[NOMS][TRM] INFO [main] AbstractApplicationContext.initMessageSource(473) | Unable to locate MessageSource with name 'messageSource': using default [org.springframework.context.support.DelegatingMessageSource@5221b229]
 2015-11-23 12:29:23:029-[NOMS][TRM] INFO [main] AbstractApplicationContext.initApplicationEventMulticaster(495) | Unable to locate ApplicationEventMulticaster with name 'applicationEventMulticaster': using default [org.springframework.context.event.SimpleApplicationEventMulticaster@40fe4ac9]
 2015-11-23 12:29:23:029-[NOMS][TRM] INFO [main] DefaultListableBeanFactory.preInstantiateSingletons(261) | Pre-instantiating singletons in factory [org.springframework.beans.factory.support.DefaultListableBeanFactory defining beans [org.springframework.beans.factory.config.PropertyPlaceholderConfigurer,dataSource,dB]; root of BeanFactory hierarchy]
 2015-11-23 14:17:06:017-[NOMS][TRM] INFO [main] CollectionFactory.<clinit>(73) | JDK 1.4+ collections available
 2015-11-23 14:17:06:017-[NOMS][TRM] INFO [main] XmlBeanDefinitionReader.loadBeanDefinitions(330) | Loading XML bean definitions from class path resource [beans.xml]
 2015-11-23 14:17:06:017-[NOMS][TRM] INFO [main] AbstractRefreshableApplicationContext.refreshBeanFactory(100) | Bean factory for application context [org.springframework.context.support.ClassPathXmlApplicationContext;hashCode=540028729]: org.springframework.beans.factory.support.DefaultListableBeanFactory defining beans [org.springframework.beans.factory.config.PropertyPlaceholderConfigurer,dataSource,dB]; root of BeanFactory hierarchy
 2015-11-23 14:17:06:017-[NOMS][TRM] INFO [main] AbstractApplicationContext.refresh(322) | 3 beans defined in application context [org.springframework.context.support.ClassPathXmlApplicationContext;hashCode=540028729]
 2015-11-23 14:17:06:017-[NOMS][TRM] INFO [main] PropertiesLoaderSupport.loadProperties(175) | Loading properties file from class path resource [db.properties]
 2015-11-23 14:17:06:017-[NOMS][TRM] INFO [main] AbstractApplicationContext.initMessageSource(473) | Unable to locate MessageSource with name 'messageSource': using default [org.springframework.context.support.DelegatingMessageSource@5b142447]
 2015-11-23 14:17:06:017-[NOMS][TRM] INFO [main] AbstractApplicationContext.initApplicationEventMulticaster(495) | Unable to locate ApplicationEventMulticaster with name 'applicationEventMulticaster': using default [org.springframework.context.event.SimpleApplicationEventMulticaster@75d069e4]
 2015-11-23 14:17:06:017-[NOMS][TRM] INFO [main] DefaultListableBeanFactory.preInstantiateSingletons(261) | Pre-instantiating singletons in factory [org.springframework.beans.factory.support.DefaultListableBeanFactory defining beans [org.springframework.beans.factory.config.PropertyPlaceholderConfigurer,dataSource,dB]; root of BeanFactory hierarchy]
 2015-11-23 14:24:36:024-[NOMS][TRM] INFO [main] CollectionFactory.<clinit>(73) | JDK 1.4+ collections available
 2015-11-23 14:24:36:024-[NOMS][TRM] INFO [main] XmlBeanDefinitionReader.loadBeanDefinitions(330) | Loading XML bean definitions from class path resource [beans.xml]
 2015-11-23 14:24:36:024-[NOMS][TRM] INFO [main] AbstractRefreshableApplicationContext.refreshBeanFactory(100) | Bean factory for application context [org.springframework.context.support.ClassPathXmlApplicationContext;hashCode=1157671939]: org.springframework.beans.factory.support.DefaultListableBeanFactory defining beans [org.springframework.beans.factory.config.PropertyPlaceholderConfigurer,dataSource,dB]; root of BeanFactory hierarchy
 2015-11-23 14:24:36:024-[NOMS][TRM] INFO [main] AbstractApplicationContext.refresh(322) | 3 beans defined in application context [org.springframework.context.support.ClassPathXmlApplicationContext;hashCode=1157671939]
 2015-11-23 14:24:36:024-[NOMS][TRM] INFO [main] PropertiesLoaderSupport.loadProperties(175) | Loading properties file from class path resource [db.properties]
 2015-11-23 14:24:36:024-[NOMS][TRM] INFO [main] AbstractApplicationContext.initMessageSource(473) | Unable to locate MessageSource with name 'messageSource': using default [org.springframework.context.support.DelegatingMessageSource@759e008]
 2015-11-23 14:24:36:024-[NOMS][TRM] INFO [main] AbstractApplicationContext.initApplicationEventMulticaster(495) | Unable to locate ApplicationEventMulticaster with name 'applicationEventMulticaster': using default [org.springframework.context.event.SimpleApplicationEventMulticaster@45d83429]
 2015-11-23 14:24:36:024-[NOMS][TRM] INFO [main] DefaultListableBeanFactory.preInstantiateSingletons(261) | Pre-instantiating singletons in factory [org.springframework.beans.factory.support.DefaultListableBeanFactory defining beans [org.springframework.beans.factory.config.PropertyPlaceholderConfigurer,dataSource,dB]; root of BeanFactory hierarchy]
 2015-11-23 14:36:46:036-[NOMS][TRM] INFO [main] CollectionFactory.<clinit>(73) | JDK 1.4+ collections available
 2015-11-23 14:36:46:036-[NOMS][TRM] INFO [main] XmlBeanDefinitionReader.loadBeanDefinitions(330) | Loading XML bean definitions from class path resource [beans.xml]
 2015-11-23 14:36:46:036-[NOMS][TRM] INFO [main] AbstractRefreshableApplicationContext.refreshBeanFactory(100) | Bean factory for application context [org.springframework.context.support.ClassPathXmlApplicationContext;hashCode=1157671939]: org.springframework.beans.factory.support.DefaultListableBeanFactory defining beans [org.springframework.beans.factory.config.PropertyPlaceholderConfigurer,dataSource,dB]; root of BeanFactory hierarchy
 2015-11-23 14:36:46:036-[NOMS][TRM] INFO [main] AbstractApplicationContext.refresh(322) | 3 beans defined in application context [org.springframework.context.support.ClassPathXmlApplicationContext;hashCode=1157671939]
 2015-11-23 14:36:46:036-[NOMS][TRM] INFO [main] PropertiesLoaderSupport.loadProperties(175) | Loading properties file from class path resource [db.properties]
 2015-11-23 14:36:46:036-[NOMS][TRM] INFO [main] AbstractApplicationContext.initMessageSource(473) | Unable to locate MessageSource with name 'messageSource': using default [org.springframework.context.support.DelegatingMessageSource@1d8330fd]
 2015-11-23 14:36:46:036-[NOMS][TRM] INFO [main] AbstractApplicationContext.initApplicationEventMulticaster(495) | Unable to locate ApplicationEventMulticaster with name 'applicationEventMulticaster': using default [org.springframework.context.event.SimpleApplicationEventMulticaster@75489391]
 2015-11-23 14:36:46:036-[NOMS][TRM] INFO [main] DefaultListableBeanFactory.preInstantiateSingletons(261) | Pre-instantiating singletons in factory [org.springframework.beans.factory.support.DefaultListableBeanFactory defining beans [org.springframework.beans.factory.config.PropertyPlaceholderConfigurer,dataSource,dB]; root of BeanFactory hierarchy]
 2015-11-23 14:54:31:054-[NOMS][TRM] INFO [main] CollectionFactory.<clinit>(73) | JDK 1.4+ collections available
 2015-11-23 14:54:31:054-[NOMS][TRM] INFO [main] XmlBeanDefinitionReader.loadBeanDefinitions(330) | Loading XML bean definitions from class path resource [beans.xml]
 2015-11-23 14:54:31:054-[NOMS][TRM] INFO [main] AbstractRefreshableApplicationContext.refreshBeanFactory(100) | Bean factory for application context [org.springframework.context.support.ClassPathXmlApplicationContext;hashCode=1173439473]: org.springframework.beans.factory.support.DefaultListableBeanFactory defining beans [org.springframework.beans.factory.config.PropertyPlaceholderConfigurer,dataSource,dB]; root of BeanFactory hierarchy
 2015-11-23 14:54:31:054-[NOMS][TRM] INFO [main] AbstractApplicationContext.refresh(322) | 3 beans defined in application context [org.springframework.context.support.ClassPathXmlApplicationContext;hashCode=1173439473]
 2015-11-23 14:54:31:054-[NOMS][TRM] INFO [main] PropertiesLoaderSupport.loadProperties(175) | Loading properties file from class path resource [db.properties]
 2015-11-23 14:54:31:054-[NOMS][TRM] INFO [main] AbstractApplicationContext.initMessageSource(473) | Unable to locate MessageSource with name 'messageSource': using default [org.springframework.context.support.DelegatingMessageSource@7e6ca715]
 2015-11-23 14:54:31:054-[NOMS][TRM] INFO [main] AbstractApplicationContext.initApplicationEventMulticaster(495) | Unable to locate ApplicationEventMulticaster with name 'applicationEventMulticaster': using default [org.springframework.context.event.SimpleApplicationEventMulticaster@7aecc021]
 2015-11-23 14:54:31:054-[NOMS][TRM] INFO [main] DefaultListableBeanFactory.preInstantiateSingletons(261) | Pre-instantiating singletons in factory [org.springframework.beans.factory.support.DefaultListableBeanFactory defining beans [org.springframework.beans.factory.config.PropertyPlaceholderConfigurer,dataSource,dB]; root of BeanFactory hierarchy]
 2015-11-23 15:03:29:003-[NOMS][TRM] INFO [main] CollectionFactory.<clinit>(73) | JDK 1.4+ collections available
 2015-11-23 15:03:29:003-[NOMS][TRM] INFO [main] XmlBeanDefinitionReader.loadBeanDefinitions(330) | Loading XML bean definitions from class path resource [beans.xml]
 2015-11-23 15:03:29:003-[NOMS][TRM] INFO [main] AbstractRefreshableApplicationContext.refreshBeanFactory(100) | Bean factory for application context [org.springframework.context.support.ClassPathXmlApplicationContext;hashCode=1654892310]: org.springframework.beans.factory.support.DefaultListableBeanFactory defining beans [org.springframework.beans.factory.config.PropertyPlaceholderConfigurer,dataSource,dB]; root of BeanFactory hierarchy
 2015-11-23 15:03:29:003-[NOMS][TRM] INFO [main] AbstractApplicationContext.refresh(322) | 3 beans defined in application context [org.springframework.context.support.ClassPathXmlApplicationContext;hashCode=1654892310]
 2015-11-23 15:03:29:003-[NOMS][TRM] INFO [main] PropertiesLoaderSupport.loadProperties(175) | Loading properties file from class path resource [db.properties]
 2015-11-23 15:03:29:003-[NOMS][TRM] INFO [main] AbstractApplicationContext.initMessageSource(473) | Unable to locate MessageSource with name 'messageSource': using default [org.springframework.context.support.DelegatingMessageSource@2e533986]
 2015-11-23 15:03:29:003-[NOMS][TRM] INFO [main] AbstractApplicationContext.initApplicationEventMulticaster(495) | Unable to locate ApplicationEventMulticaster with name 'applicationEventMulticaster': using default [org.springframework.context.event.SimpleApplicationEventMulticaster@1829ad81]
 2015-11-23 15:03:29:003-[NOMS][TRM] INFO [main] DefaultListableBeanFactory.preInstantiateSingletons(261) | Pre-instantiating singletons in factory [org.springframework.beans.factory.support.DefaultListableBeanFactory defining beans [org.springframework.beans.factory.config.PropertyPlaceholderConfigurer,dataSource,dB]; root of BeanFactory hierarchy]
 2015-11-23 15:08:21:008-[NOMS][TRM] INFO [main] CollectionFactory.<clinit>(73) | JDK 1.4+ collections available
 2015-11-23 15:08:21:008-[NOMS][TRM] INFO [main] XmlBeanDefinitionReader.loadBeanDefinitions(330) | Loading XML bean definitions from class path resource [beans.xml]
 2015-11-23 15:08:21:008-[NOMS][TRM] INFO [main] AbstractRefreshableApplicationContext.refreshBeanFactory(100) | Bean factory for application context [org.springframework.context.support.ClassPathXmlApplicationContext;hashCode=1173439473]: org.springframework.beans.factory.support.DefaultListableBeanFactory defining beans [org.springframework.beans.factory.config.PropertyPlaceholderConfigurer,dataSource,dB]; root of BeanFactory hierarchy
 2015-11-23 15:08:21:008-[NOMS][TRM] INFO [main] AbstractApplicationContext.refresh(322) | 3 beans defined in application context [org.springframework.context.support.ClassPathXmlApplicationContext;hashCode=1173439473]
 2015-11-23 15:08:21:008-[NOMS][TRM] INFO [main] PropertiesLoaderSupport.loadProperties(175) | Loading properties file from class path resource [db.properties]
 2015-11-23 15:08:21:008-[NOMS][TRM] INFO [main] AbstractApplicationContext.initMessageSource(473) | Unable to locate MessageSource with name 'messageSource': using default [org.springframework.context.support.DelegatingMessageSource@7e6ca715]
 2015-11-23 15:08:21:008-[NOMS][TRM] INFO [main] AbstractApplicationContext.initApplicationEventMulticaster(495) | Unable to locate ApplicationEventMulticaster with name 'applicationEventMulticaster': using default [org.springframework.context.event.SimpleApplicationEventMulticaster@7aecc021]
 2015-11-23 15:08:21:008-[NOMS][TRM] INFO [main] DefaultListableBeanFactory.preInstantiateSingletons(261) | Pre-instantiating singletons in factory [org.springframework.beans.factory.support.DefaultListableBeanFactory defining beans [org.springframework.beans.factory.config.PropertyPlaceholderConfigurer,dataSource,dB]; root of BeanFactory hierarchy]
 2015-11-23 15:34:01:034-[NOMS][TRM] INFO [main] CollectionFactory.<clinit>(73) | JDK 1.4+ collections available
 2015-11-23 15:34:01:034-[NOMS][TRM] INFO [main] XmlBeanDefinitionReader.loadBeanDefinitions(330) | Loading XML bean definitions from class path resource [beans.xml]
 2015-11-23 15:34:01:034-[NOMS][TRM] INFO [main] AbstractRefreshableApplicationContext.refreshBeanFactory(100) | Bean factory for application context [org.springframework.context.support.ClassPathXmlApplicationContext;hashCode=996956081]: org.springframework.beans.factory.support.DefaultListableBeanFactory defining beans [org.springframework.beans.factory.config.PropertyPlaceholderConfigurer,dataSource,dB]; root of BeanFactory hierarchy
 2015-11-23 15:34:01:034-[NOMS][TRM] INFO [main] AbstractApplicationContext.refresh(322) | 3 beans defined in application context [org.springframework.context.support.ClassPathXmlApplicationContext;hashCode=996956081]
 2015-11-23 15:34:01:034-[NOMS][TRM] INFO [main] PropertiesLoaderSupport.loadProperties(175) | Loading properties file from class path resource [db.properties]
 2015-11-23 15:34:01:034-[NOMS][TRM] INFO [main] AbstractApplicationContext.initMessageSource(473) | Unable to locate MessageSource with name 'messageSource': using default [org.springframework.context.support.DelegatingMessageSource@7e6ca715]
 2015-11-23 15:34:01:034-[NOMS][TRM] INFO [main] AbstractApplicationContext.initApplicationEventMulticaster(495) | Unable to locate ApplicationEventMulticaster with name 'applicationEventMulticaster': using default [org.springframework.context.event.SimpleApplicationEventMulticaster@7aecc021]
 2015-11-23 15:34:01:034-[NOMS][TRM] INFO [main] DefaultListableBeanFactory.preInstantiateSingletons(261) | Pre-instantiating singletons in factory [org.springframework.beans.factory.support.DefaultListableBeanFactory defining beans [org.springframework.beans.factory.config.PropertyPlaceholderConfigurer,dataSource,dB]; root of BeanFactory hierarchy]
 2015-11-23 16:12:56:012-[NOMS][TRM] INFO [main] CollectionFactory.<clinit>(73) | JDK 1.4+ collections available
 2015-11-23 16:12:56:012-[NOMS][TRM] INFO [main] XmlBeanDefinitionReader.loadBeanDefinitions(330) | Loading XML bean definitions from class path resource [beans.xml]
 2015-11-23 16:12:57:012-[NOMS][TRM] INFO [main] AbstractRefreshableApplicationContext.refreshBeanFactory(100) | Bean factory for application context [org.springframework.context.support.ClassPathXmlApplicationContext;hashCode=1173439473]: org.springframework.beans.factory.support.DefaultListableBeanFactory defining beans [org.springframework.beans.factory.config.PropertyPlaceholderConfigurer,dataSource,dB]; root of BeanFactory hierarchy
 2015-11-23 16:12:57:012-[NOMS][TRM] INFO [main] AbstractApplicationContext.refresh(322) | 3 beans defined in application context [org.springframework.context.support.ClassPathXmlApplicationContext;hashCode=1173439473]
 2015-11-23 16:12:57:012-[NOMS][TRM] INFO [main] PropertiesLoaderSupport.loadProperties(175) | Loading properties file from class path resource [db.properties]
 2015-11-23 16:12:57:012-[NOMS][TRM] INFO [main] AbstractApplicationContext.initMessageSource(473) | Unable to locate MessageSource with name 'messageSource': using default [org.springframework.context.support.DelegatingMessageSource@7e6ca715]
 2015-11-23 16:12:57:012-[NOMS][TRM] INFO [main] AbstractApplicationContext.initApplicationEventMulticaster(495) | Unable to locate ApplicationEventMulticaster with name 'applicationEventMulticaster': using default [org.springframework.context.event.SimpleApplicationEventMulticaster@7aecc021]
 2015-11-23 16:12:57:012-[NOMS][TRM] INFO [main] DefaultListableBeanFactory.preInstantiateSingletons(261) | Pre-instantiating singletons in factory [org.springframework.beans.factory.support.DefaultListableBeanFactory defining beans [org.springframework.beans.factory.config.PropertyPlaceholderConfigurer,dataSource,dB]; root of BeanFactory hierarchy]
 2015-11-23 16:39:32:039-[NOMS][TRM] INFO [main] CollectionFactory.<clinit>(73) | JDK 1.4+ collections available
 2015-11-23 16:39:32:039-[NOMS][TRM] INFO [main] XmlBeanDefinitionReader.loadBeanDefinitions(330) | Loading XML bean definitions from class path resource [beans.xml]
 2015-11-23 16:39:32:039-[NOMS][TRM] INFO [main] AbstractRefreshableApplicationContext.refreshBeanFactory(100) | Bean factory for application context [org.springframework.context.support.ClassPathXmlApplicationContext;hashCode=1714341873]: org.springframework.beans.factory.support.DefaultListableBeanFactory defining beans [org.springframework.beans.factory.config.PropertyPlaceholderConfigurer,dataSource,dB]; root of BeanFactory hierarchy
 2015-11-23 16:39:32:039-[NOMS][TRM] INFO [main] AbstractApplicationContext.refresh(322) | 3 beans defined in application context [org.springframework.context.support.ClassPathXmlApplicationContext;hashCode=1714341873]
 2015-11-23 16:39:32:039-[NOMS][TRM] INFO [main] PropertiesLoaderSupport.loadProperties(175) | Loading properties file from class path resource [db.properties]
 2015-11-23 16:39:32:039-[NOMS][TRM] INFO [main] AbstractApplicationContext.initMessageSource(473) | Unable to locate MessageSource with name 'messageSource': using default [org.springframework.context.support.DelegatingMessageSource@2e533986]
 2015-11-23 16:39:32:039-[NOMS][TRM] INFO [main] AbstractApplicationContext.initApplicationEventMulticaster(495) | Unable to locate ApplicationEventMulticaster with name 'applicationEventMulticaster': using default [org.springframework.context.event.SimpleApplicationEventMulticaster@1829ad81]
 2015-11-23 16:39:32:039-[NOMS][TRM] INFO [main] DefaultListableBeanFactory.preInstantiateSingletons(261) | Pre-instantiating singletons in factory [org.springframework.beans.factory.support.DefaultListableBeanFactory defining beans [org.springframework.beans.factory.config.PropertyPlaceholderConfigurer,dataSource,dB]; root of BeanFactory hierarchy]
 2015-11-23 16:41:15:041-[NOMS][TRM] INFO [main] CollectionFactory.<clinit>(73) | JDK 1.4+ collections available
 2015-11-23 16:41:15:041-[NOMS][TRM] INFO [main] XmlBeanDefinitionReader.loadBeanDefinitions(330) | Loading XML bean definitions from class path resource [beans.xml]
 2015-11-23 16:41:16:041-[NOMS][TRM] INFO [main] AbstractRefreshableApplicationContext.refreshBeanFactory(100) | Bean factory for application context [org.springframework.context.support.ClassPathXmlApplicationContext;hashCode=996956081]: org.springframework.beans.factory.support.DefaultListableBeanFactory defining beans [org.springframework.beans.factory.config.PropertyPlaceholderConfigurer,dataSource,dB]; root of BeanFactory hierarchy
 2015-11-23 16:41:16:041-[NOMS][TRM] INFO [main] AbstractApplicationContext.refresh(322) | 3 beans defined in application context [org.springframework.context.support.ClassPathXmlApplicationContext;hashCode=996956081]
 2015-11-23 16:41:16:041-[NOMS][TRM] INFO [main] PropertiesLoaderSupport.loadProperties(175) | Loading properties file from class path resource [db.properties]
 2015-11-23 16:41:16:041-[NOMS][TRM] INFO [main] AbstractApplicationContext.initMessageSource(473) | Unable to locate MessageSource with name 'messageSource': using default [org.springframework.context.support.DelegatingMessageSource@7e6ca715]
 2015-11-23 16:41:16:041-[NOMS][TRM] INFO [main] AbstractApplicationContext.initApplicationEventMulticaster(495) | Unable to locate ApplicationEventMulticaster with name 'applicationEventMulticaster': using default [org.springframework.context.event.SimpleApplicationEventMulticaster@7aecc021]
 2015-11-23 16:41:16:041-[NOMS][TRM] INFO [main] DefaultListableBeanFactory.preInstantiateSingletons(261) | Pre-instantiating singletons in factory [org.springframework.beans.factory.support.DefaultListableBeanFactory defining beans [org.springframework.beans.factory.config.PropertyPlaceholderConfigurer,dataSource,dB]; root of BeanFactory hierarchy]
 2015-11-23 16:42:10:042-[NOMS][TRM] INFO [main] CollectionFactory.<clinit>(73) | JDK 1.4+ collections available
 2015-11-23 16:42:10:042-[NOMS][TRM] INFO [main] XmlBeanDefinitionReader.loadBeanDefinitions(330) | Loading XML bean definitions from class path resource [beans.xml]
 2015-11-23 16:42:11:042-[NOMS][TRM] INFO [main] AbstractRefreshableApplicationContext.refreshBeanFactory(100) | Bean factory for application context [org.springframework.context.support.ClassPathXmlApplicationContext;hashCode=1173439473]: org.springframework.beans.factory.support.DefaultListableBeanFactory defining beans [org.springframework.beans.factory.config.PropertyPlaceholderConfigurer,dataSource,dB]; root of BeanFactory hierarchy
 2015-11-23 16:42:11:042-[NOMS][TRM] INFO [main] AbstractApplicationContext.refresh(322) | 3 beans defined in application context [org.springframework.context.support.ClassPathXmlApplicationContext;hashCode=1173439473]
 2015-11-23 16:42:11:042-[NOMS][TRM] INFO [main] PropertiesLoaderSupport.loadProperties(175) | Loading properties file from class path resource [db.properties]
 2015-11-23 16:42:11:042-[NOMS][TRM] INFO [main] AbstractApplicationContext.initMessageSource(473) | Unable to locate MessageSource with name 'messageSource': using default [org.springframework.context.support.DelegatingMessageSource@7e6ca715]
 2015-11-23 16:42:11:042-[NOMS][TRM] INFO [main] AbstractApplicationContext.initApplicationEventMulticaster(495) | Unable to locate ApplicationEventMulticaster with name 'applicationEventMulticaster': using default [org.springframework.context.event.SimpleApplicationEventMulticaster@7aecc021]
 2015-11-23 16:42:11:042-[NOMS][TRM] INFO [main] DefaultListableBeanFactory.preInstantiateSingletons(261) | Pre-instantiating singletons in factory [org.springframework.beans.factory.support.DefaultListableBeanFactory defining beans [org.springframework.beans.factory.config.PropertyPlaceholderConfigurer,dataSource,dB]; root of BeanFactory hierarchy]
 2015-11-23 16:42:49:042-[NOMS][TRM] INFO [main] CollectionFactory.<clinit>(73) | JDK 1.4+ collections available
 2015-11-23 16:42:49:042-[NOMS][TRM] INFO [main] XmlBeanDefinitionReader.loadBeanDefinitions(330) | Loading XML bean definitions from class path resource [beans.xml]
 2015-11-23 16:42:50:042-[NOMS][TRM] INFO [main] AbstractRefreshableApplicationContext.refreshBeanFactory(100) | Bean factory for application context [org.springframework.context.support.ClassPathXmlApplicationContext;hashCode=1173439473]: org.springframework.beans.factory.support.DefaultListableBeanFactory defining beans [org.springframework.beans.factory.config.PropertyPlaceholderConfigurer,dataSource,dB]; root of BeanFactory hierarchy
 2015-11-23 16:42:50:042-[NOMS][TRM] INFO [main] AbstractApplicationContext.refresh(322) | 3 beans defined in application context [org.springframework.context.support.ClassPathXmlApplicationContext;hashCode=1173439473]
 2015-11-23 16:42:50:042-[NOMS][TRM] INFO [main] PropertiesLoaderSupport.loadProperties(175) | Loading properties file from class path resource [db.properties]
 2015-11-23 16:42:50:042-[NOMS][TRM] INFO [main] AbstractApplicationContext.initMessageSource(473) | Unable to locate MessageSource with name 'messageSource': using default [org.springframework.context.support.DelegatingMessageSource@7e6ca715]
 2015-11-23 16:42:50:042-[NOMS][TRM] INFO [main] AbstractApplicationContext.initApplicationEventMulticaster(495) | Unable to locate ApplicationEventMulticaster with name 'applicationEventMulticaster': using default [org.springframework.context.event.SimpleApplicationEventMulticaster@7aecc021]
 2015-11-23 16:42:50:042-[NOMS][TRM] INFO [main] DefaultListableBeanFactory.preInstantiateSingletons(261) | Pre-instantiating singletons in factory [org.springframework.beans.factory.support.DefaultListableBeanFactory defining beans [org.springframework.beans.factory.config.PropertyPlaceholderConfigurer,dataSource,dB]; root of BeanFactory hierarchy]
 2015-11-23 16:54:21:054-[NOMS][TRM] INFO [main] CollectionFactory.<clinit>(73) | JDK 1.4+ collections available
 2015-11-23 16:54:21:054-[NOMS][TRM] INFO [main] XmlBeanDefinitionReader.loadBeanDefinitions(330) | Loading XML bean definitions from class path resource [beans.xml]
 2015-11-23 16:54:21:054-[NOMS][TRM] INFO [main] AbstractRefreshableApplicationContext.refreshBeanFactory(100) | Bean factory for application context [org.springframework.context.support.ClassPathXmlApplicationContext;hashCode=1173439473]: org.springframework.beans.factory.support.DefaultListableBeanFactory defining beans [org.springframework.beans.factory.config.PropertyPlaceholderConfigurer,dataSource,dB]; root of BeanFactory hierarchy
 2015-11-23 16:54:21:054-[NOMS][TRM] INFO [main] AbstractApplicationContext.refresh(322) | 3 beans defined in application context [org.springframework.context.support.ClassPathXmlApplicationContext;hashCode=1173439473]
 2015-11-23 16:54:21:054-[NOMS][TRM] INFO [main] PropertiesLoaderSupport.loadProperties(175) | Loading properties file from class path resource [db.properties]
 2015-11-23 16:54:21:054-[NOMS][TRM] INFO [main] AbstractApplicationContext.initMessageSource(473) | Unable to locate MessageSource with name 'messageSource': using default [org.springframework.context.support.DelegatingMessageSource@7e6ca715]
 2015-11-23 16:54:21:054-[NOMS][TRM] INFO [main] AbstractApplicationContext.initApplicationEventMulticaster(495) | Unable to locate ApplicationEventMulticaster with name 'applicationEventMulticaster': using default [org.springframework.context.event.SimpleApplicationEventMulticaster@7aecc021]
 2015-11-23 16:54:21:054-[NOMS][TRM] INFO [main] DefaultListableBeanFactory.preInstantiateSingletons(261) | Pre-instantiating singletons in factory [org.springframework.beans.factory.support.DefaultListableBeanFactory defining beans [org.springframework.beans.factory.config.PropertyPlaceholderConfigurer,dataSource,dB]; root of BeanFactory hierarchy]
 2015-11-26 09:14:51:014-[NOMS][TRM] INFO [main] CollectionFactory.<clinit>(73) | JDK 1.4+ collections available
 2015-11-26 09:14:51:014-[NOMS][TRM] INFO [main] XmlBeanDefinitionReader.loadBeanDefinitions(330) | Loading XML bean definitions from class path resource [beans.xml]
 2015-11-26 09:14:51:014-[NOMS][TRM] INFO [main] AbstractRefreshableApplicationContext.refreshBeanFactory(100) | Bean factory for application context [org.springframework.context.support.ClassPathXmlApplicationContext;hashCode=1157671939]: org.springframework.beans.factory.support.DefaultListableBeanFactory defining beans [org.springframework.beans.factory.config.PropertyPlaceholderConfigurer,dataSource,dB]; root of BeanFactory hierarchy
 2015-11-26 09:14:51:014-[NOMS][TRM] INFO [main] AbstractApplicationContext.refresh(322) | 3 beans defined in application context [org.springframework.context.support.ClassPathXmlApplicationContext;hashCode=1157671939]
 2015-11-26 09:14:51:014-[NOMS][TRM] INFO [main] PropertiesLoaderSupport.loadProperties(175) | Loading properties file from class path resource [db.properties]
 2015-11-26 09:14:51:014-[NOMS][TRM] INFO [main] AbstractApplicationContext.initMessageSource(473) | Unable to locate MessageSource with name 'messageSource': using default [org.springframework.context.support.DelegatingMessageSource@59e5a42c]
 2015-11-26 09:14:51:014-[NOMS][TRM] INFO [main] AbstractApplicationContext.initApplicationEventMulticaster(495) | Unable to locate ApplicationEventMulticaster with name 'applicationEventMulticaster': using default [org.springframework.context.event.SimpleApplicationEventMulticaster@583dfc8b]
 2015-11-26 09:14:51:014-[NOMS][TRM] INFO [main] DefaultListableBeanFactory.preInstantiateSingletons(261) | Pre-instantiating singletons in factory [org.springframework.beans.factory.support.DefaultListableBeanFactory defining beans [org.springframework.beans.factory.config.PropertyPlaceholderConfigurer,dataSource,dB]; root of BeanFactory hierarchy]
 2015-11-26 09:18:31:018-[NOMS][TRM] INFO [main] CollectionFactory.<clinit>(73) | JDK 1.4+ collections available
 2015-11-26 09:18:31:018-[NOMS][TRM] INFO [main] XmlBeanDefinitionReader.loadBeanDefinitions(330) | Loading XML bean definitions from class path resource [beans.xml]
 2015-11-26 09:18:32:018-[NOMS][TRM] INFO [main] AbstractRefreshableApplicationContext.refreshBeanFactory(100) | Bean factory for application context [org.springframework.context.support.ClassPathXmlApplicationContext;hashCode=1157671939]: org.springframework.beans.factory.support.DefaultListableBeanFactory defining beans [org.springframework.beans.factory.config.PropertyPlaceholderConfigurer,dataSource,dB]; root of BeanFactory hierarchy
 2015-11-26 09:18:32:018-[NOMS][TRM] INFO [main] AbstractApplicationContext.refresh(322) | 3 beans defined in application context [org.springframework.context.support.ClassPathXmlApplicationContext;hashCode=1157671939]
 2015-11-26 09:18:32:018-[NOMS][TRM] INFO [main] PropertiesLoaderSupport.loadProperties(175) | Loading properties file from class path resource [db.properties]
 2015-11-26 09:18:32:018-[NOMS][TRM] INFO [main] AbstractApplicationContext.initMessageSource(473) | Unable to locate MessageSource with name 'messageSource': using default [org.springframework.context.support.DelegatingMessageSource@59e5a42c]
 2015-11-26 09:18:32:018-[NOMS][TRM] INFO [main] AbstractApplicationContext.initApplicationEventMulticaster(495) | Unable to locate ApplicationEventMulticaster with name 'applicationEventMulticaster': using default [org.springframework.context.event.SimpleApplicationEventMulticaster@583dfc8b]
 2015-11-26 09:18:32:018-[NOMS][TRM] INFO [main] DefaultListableBeanFactory.preInstantiateSingletons(261) | Pre-instantiating singletons in factory [org.springframework.beans.factory.support.DefaultListableBeanFactory defining beans [org.springframework.beans.factory.config.PropertyPlaceholderConfigurer,dataSource,dB]; root of BeanFactory hierarchy]
 2015-11-26 09:20:48:020-[NOMS][TRM] INFO [main] CollectionFactory.<clinit>(73) | JDK 1.4+ collections available
 2015-11-26 09:20:48:020-[NOMS][TRM] INFO [main] XmlBeanDefinitionReader.loadBeanDefinitions(330) | Loading XML bean definitions from class path resource [beans.xml]
 2015-11-26 09:20:48:020-[NOMS][TRM] INFO [main] AbstractRefreshableApplicationContext.refreshBeanFactory(100) | Bean factory for application context [org.springframework.context.support.ClassPathXmlApplicationContext;hashCode=790436953]: org.springframework.beans.factory.support.DefaultListableBeanFactory defining beans [org.springframework.beans.factory.config.PropertyPlaceholderConfigurer,dataSource,dB]; root of BeanFactory hierarchy
 2015-11-26 09:20:48:020-[NOMS][TRM] INFO [main] AbstractApplicationContext.refresh(322) | 3 beans defined in application context [org.springframework.context.support.ClassPathXmlApplicationContext;hashCode=790436953]
 2015-11-26 09:20:48:020-[NOMS][TRM] INFO [main] PropertiesLoaderSupport.loadProperties(175) | Loading properties file from class path resource [db.properties]
 2015-11-26 09:20:48:020-[NOMS][TRM] INFO [main] AbstractApplicationContext.initMessageSource(473) | Unable to locate MessageSource with name 'messageSource': using default [org.springframework.context.support.DelegatingMessageSource@59e5a42c]
 2015-11-26 09:20:48:020-[NOMS][TRM] INFO [main] AbstractApplicationContext.initApplicationEventMulticaster(495) | Unable to locate ApplicationEventMulticaster with name 'applicationEventMulticaster': using default [org.springframework.context.event.SimpleApplicationEventMulticaster@583dfc8b]
 2015-11-26 09:20:48:020-[NOMS][TRM] INFO [main] DefaultListableBeanFactory.preInstantiateSingletons(261) | Pre-instantiating singletons in factory [org.springframework.beans.factory.support.DefaultListableBeanFactory defining beans [org.springframework.beans.factory.config.PropertyPlaceholderConfigurer,dataSource,dB]; root of BeanFactory hierarchy]
 2015-11-26 09:22:40:022-[NOMS][TRM] INFO [main] CollectionFactory.<clinit>(73) | JDK 1.4+ collections available
 2015-11-26 09:22:40:022-[NOMS][TRM] INFO [main] XmlBeanDefinitionReader.loadBeanDefinitions(330) | Loading XML bean definitions from class path resource [beans.xml]
 2015-11-26 09:22:40:022-[NOMS][TRM] INFO [main] AbstractRefreshableApplicationContext.refreshBeanFactory(100) | Bean factory for application context [org.springframework.context.support.ClassPathXmlApplicationContext;hashCode=790436953]: org.springframework.beans.factory.support.DefaultListableBeanFactory defining beans [org.springframework.beans.factory.config.PropertyPlaceholderConfigurer,dataSource,dB]; root of BeanFactory hierarchy
 2015-11-26 09:22:40:022-[NOMS][TRM] INFO [main] AbstractApplicationContext.refresh(322) | 3 beans defined in application context [org.springframework.context.support.ClassPathXmlApplicationContext;hashCode=790436953]
 2015-11-26 09:22:40:022-[NOMS][TRM] INFO [main] PropertiesLoaderSupport.loadProperties(175) | Loading properties file from class path resource [db.properties]
 2015-11-26 09:22:40:022-[NOMS][TRM] INFO [main] AbstractApplicationContext.initMessageSource(473) | Unable to locate MessageSource with name 'messageSource': using default [org.springframework.context.support.DelegatingMessageSource@59e5a42c]
 2015-11-26 09:22:40:022-[NOMS][TRM] INFO [main] AbstractApplicationContext.initApplicationEventMulticaster(495) | Unable to locate ApplicationEventMulticaster with name 'applicationEventMulticaster': using default [org.springframework.context.event.SimpleApplicationEventMulticaster@583dfc8b]
 2015-11-26 09:22:40:022-[NOMS][TRM] INFO [main] DefaultListableBeanFactory.preInstantiateSingletons(261) | Pre-instantiating singletons in factory [org.springframework.beans.factory.support.DefaultListableBeanFactory defining beans [org.springframework.beans.factory.config.PropertyPlaceholderConfigurer,dataSource,dB]; root of BeanFactory hierarchy]
 2015-11-26 09:42:16:042-[NOMS][TRM] INFO [main] CollectionFactory.<clinit>(73) | JDK 1.4+ collections available
 2015-11-26 09:42:16:042-[NOMS][TRM] INFO [main] XmlBeanDefinitionReader.loadBeanDefinitions(330) | Loading XML bean definitions from class path resource [beans.xml]
 2015-11-26 09:42:16:042-[NOMS][TRM] INFO [main] AbstractRefreshableApplicationContext.refreshBeanFactory(100) | Bean factory for application context [org.springframework.context.support.ClassPathXmlApplicationContext;hashCode=540028729]: org.springframework.beans.factory.support.DefaultListableBeanFactory defining beans [org.springframework.beans.factory.config.PropertyPlaceholderConfigurer,dataSource,dB]; root of BeanFactory hierarchy
 2015-11-26 09:42:16:042-[NOMS][TRM] INFO [main] AbstractApplicationContext.refresh(322) | 3 beans defined in application context [org.springframework.context.support.ClassPathXmlApplicationContext;hashCode=540028729]
 2015-11-26 09:42:16:042-[NOMS][TRM] INFO [main] PropertiesLoaderSupport.loadProperties(175) | Loading properties file from class path resource [db.properties]
 2015-11-26 09:42:16:042-[NOMS][TRM] INFO [main] AbstractApplicationContext.initMessageSource(473) | Unable to locate MessageSource with name 'messageSource': using default [org.springframework.context.support.DelegatingMessageSource@737d72cf]
 2015-11-26 09:42:16:042-[NOMS][TRM] INFO [main] AbstractApplicationContext.initApplicationEventMulticaster(495) | Unable to locate ApplicationEventMulticaster with name 'applicationEventMulticaster': using default [org.springframework.context.event.SimpleApplicationEventMulticaster@4d8f36ef]
 2015-11-26 09:42:16:042-[NOMS][TRM] INFO [main] DefaultListableBeanFactory.preInstantiateSingletons(261) | Pre-instantiating singletons in factory [org.springframework.beans.factory.support.DefaultListableBeanFactory defining beans [org.springframework.beans.factory.config.PropertyPlaceholderConfigurer,dataSource,dB]; root of BeanFactory hierarchy]
 2015-11-26 09:44:54:044-[NOMS][TRM] INFO [main] CollectionFactory.<clinit>(73) | JDK 1.4+ collections available
 2015-11-26 09:44:54:044-[NOMS][TRM] INFO [main] XmlBeanDefinitionReader.loadBeanDefinitions(330) | Loading XML bean definitions from class path resource [beans.xml]
 2015-11-26 09:44:54:044-[NOMS][TRM] INFO [main] AbstractRefreshableApplicationContext.refreshBeanFactory(100) | Bean factory for application context [org.springframework.context.support.ClassPathXmlApplicationContext;hashCode=790436953]: org.springframework.beans.factory.support.DefaultListableBeanFactory defining beans [org.springframework.beans.factory.config.PropertyPlaceholderConfigurer,dataSource,dB]; root of BeanFactory hierarchy
 2015-11-26 09:44:54:044-[NOMS][TRM] INFO [main] AbstractApplicationContext.refresh(322) | 3 beans defined in application context [org.springframework.context.support.ClassPathXmlApplicationContext;hashCode=790436953]
 2015-11-26 09:44:54:044-[NOMS][TRM] INFO [main] PropertiesLoaderSupport.loadProperties(175) | Loading properties file from class path resource [db.properties]
 2015-11-26 09:44:54:044-[NOMS][TRM] INFO [main] AbstractApplicationContext.initMessageSource(473) | Unable to locate MessageSource with name 'messageSource': using default [org.springframework.context.support.DelegatingMessageSource@59e5a42c]
 2015-11-26 09:44:54:044-[NOMS][TRM] INFO [main] AbstractApplicationContext.initApplicationEventMulticaster(495) | Unable to locate ApplicationEventMulticaster with name 'applicationEventMulticaster': using default [org.springframework.context.event.SimpleApplicationEventMulticaster@583dfc8b]
 2015-11-26 09:44:54:044-[NOMS][TRM] INFO [main] DefaultListableBeanFactory.preInstantiateSingletons(261) | Pre-instantiating singletons in factory [org.springframework.beans.factory.support.DefaultListableBeanFactory defining beans [org.springframework.beans.factory.config.PropertyPlaceholderConfigurer,dataSource,dB]; root of BeanFactory hierarchy]
 2015-11-26 09:45:46:045-[NOMS][TRM] INFO [main] CollectionFactory.<clinit>(73) | JDK 1.4+ collections available
 2015-11-26 09:45:46:045-[NOMS][TRM] INFO [main] XmlBeanDefinitionReader.loadBeanDefinitions(330) | Loading XML bean definitions from class path resource [beans.xml]
 2015-11-26 09:45:47:045-[NOMS][TRM] INFO [main] AbstractRefreshableApplicationContext.refreshBeanFactory(100) | Bean factory for application context [org.springframework.context.support.ClassPathXmlApplicationContext;hashCode=540028729]: org.springframework.beans.factory.support.DefaultListableBeanFactory defining beans [org.springframework.beans.factory.config.PropertyPlaceholderConfigurer,dataSource,dB]; root of BeanFactory hierarchy
 2015-11-26 09:45:47:045-[NOMS][TRM] INFO [main] AbstractApplicationContext.refresh(322) | 3 beans defined in application context [org.springframework.context.support.ClassPathXmlApplicationContext;hashCode=540028729]
 2015-11-26 09:45:47:045-[NOMS][TRM] INFO [main] PropertiesLoaderSupport.loadProperties(175) | Loading properties file from class path resource [db.properties]
 2015-11-26 09:45:47:045-[NOMS][TRM] INFO [main] AbstractApplicationContext.initMessageSource(473) | Unable to locate MessageSource with name 'messageSource': using default [org.springframework.context.support.DelegatingMessageSource@737d72cf]
 2015-11-26 09:45:47:045-[NOMS][TRM] INFO [main] AbstractApplicationContext.initApplicationEventMulticaster(495) | Unable to locate ApplicationEventMulticaster with name 'applicationEventMulticaster': using default [org.springframework.context.event.SimpleApplicationEventMulticaster@4d8f36ef]
 2015-11-26 09:45:47:045-[NOMS][TRM] INFO [main] DefaultListableBeanFactory.preInstantiateSingletons(261) | Pre-instantiating singletons in factory [org.springframework.beans.factory.support.DefaultListableBeanFactory defining beans [org.springframework.beans.factory.config.PropertyPlaceholderConfigurer,dataSource,dB]; root of BeanFactory hierarchy]
 2016-01-12 14:21:00:021-[NOMS][TRM] INFO [main] CollectionFactory.<clinit>(73) | JDK 1.4+ collections available
 2016-01-12 14:21:00:021-[NOMS][TRM] INFO [main] XmlBeanDefinitionReader.loadBeanDefinitions(330) | Loading XML bean definitions from class path resource [beans.xml]
 2016-01-12 14:21:01:021-[NOMS][TRM] INFO [main] AbstractRefreshableApplicationContext.refreshBeanFactory(100) | Bean factory for application context [org.springframework.context.support.ClassPathXmlApplicationContext;hashCode=514520120]: org.springframework.beans.factory.support.DefaultListableBeanFactory defining beans [org.springframework.beans.factory.config.PropertyPlaceholderConfigurer,dataSource,dB]; root of BeanFactory hierarchy
 2016-01-12 14:21:01:021-[NOMS][TRM] INFO [main] AbstractApplicationContext.refresh(322) | 3 beans defined in application context [org.springframework.context.support.ClassPathXmlApplicationContext;hashCode=514520120]
 2016-01-12 14:21:01:021-[NOMS][TRM] INFO [main] PropertiesLoaderSupport.loadProperties(175) | Loading properties file from class path resource [db.properties]
 2016-01-12 14:21:01:021-[NOMS][TRM] INFO [main] AbstractApplicationContext.initMessageSource(473) | Unable to locate MessageSource with name 'messageSource': using default [org.springframework.context.support.DelegatingMessageSource@27abb00a]
 2016-01-12 14:21:01:021-[NOMS][TRM] INFO [main] AbstractApplicationContext.initApplicationEventMulticaster(495) | Unable to locate ApplicationEventMulticaster with name 'applicationEventMulticaster': using default [org.springframework.context.event.SimpleApplicationEventMulticaster@1580ec46]
 2016-01-12 14:21:01:021-[NOMS][TRM] INFO [main] DefaultListableBeanFactory.preInstantiateSingletons(261) | Pre-instantiating singletons in factory [org.springframework.beans.factory.support.DefaultListableBeanFactory defining beans [org.springframework.beans.factory.config.PropertyPlaceholderConfigurer,dataSource,dB]; root of BeanFactory hierarchy]
 2016-01-12 14:22:37:022-[NOMS][TRM] INFO [main] CollectionFactory.<clinit>(73) | JDK 1.4+ collections available
 2016-01-12 14:22:37:022-[NOMS][TRM] INFO [main] XmlBeanDefinitionReader.loadBeanDefinitions(330) | Loading XML bean definitions from class path resource [beans.xml]
 2016-01-12 14:22:38:022-[NOMS][TRM] INFO [main] AbstractRefreshableApplicationContext.refreshBeanFactory(100) | Bean factory for application context [org.springframework.context.support.ClassPathXmlApplicationContext;hashCode=1199242495]: org.springframework.beans.factory.support.DefaultListableBeanFactory defining beans [org.springframework.beans.factory.config.PropertyPlaceholderConfigurer,dataSource,dB]; root of BeanFactory hierarchy
 2016-01-12 14:22:38:022-[NOMS][TRM] INFO [main] AbstractApplicationContext.refresh(322) | 3 beans defined in application context [org.springframework.context.support.ClassPathXmlApplicationContext;hashCode=1199242495]
 2016-01-12 14:22:38:022-[NOMS][TRM] INFO [main] PropertiesLoaderSupport.loadProperties(175) | Loading properties file from class path resource [db.properties]
 2016-01-12 14:22:38:022-[NOMS][TRM] INFO [main] AbstractApplicationContext.initMessageSource(473) | Unable to locate MessageSource with name 'messageSource': using default [org.springframework.context.support.DelegatingMessageSource@4db50639]
 2016-01-12 14:22:38:022-[NOMS][TRM] INFO [main] AbstractApplicationContext.initApplicationEventMulticaster(495) | Unable to locate ApplicationEventMulticaster with name 'applicationEventMulticaster': using default [org.springframework.context.event.SimpleApplicationEventMulticaster@68bc1ac2]
 2016-01-12 14:22:38:022-[NOMS][TRM] INFO [main] DefaultListableBeanFactory.preInstantiateSingletons(261) | Pre-instantiating singletons in factory [org.springframework.beans.factory.support.DefaultListableBeanFactory defining beans [org.springframework.beans.factory.config.PropertyPlaceholderConfigurer,dataSource,dB]; root of BeanFactory hierarchy]
 2016-01-12 14:23:31:023-[NOMS][TRM] INFO [main] CollectionFactory.<clinit>(73) | JDK 1.4+ collections available
 2016-01-12 14:23:31:023-[NOMS][TRM] INFO [main] XmlBeanDefinitionReader.loadBeanDefinitions(330) | Loading XML bean definitions from class path resource [beans.xml]
 2016-01-12 14:23:31:023-[NOMS][TRM] INFO [main] AbstractRefreshableApplicationContext.refreshBeanFactory(100) | Bean factory for application context [org.springframework.context.support.ClassPathXmlApplicationContext;hashCode=514520120]: org.springframework.beans.factory.support.DefaultListableBeanFactory defining beans [org.springframework.beans.factory.config.PropertyPlaceholderConfigurer,dataSource,dB]; root of BeanFactory hierarchy
 2016-01-12 14:23:31:023-[NOMS][TRM] INFO [main] AbstractApplicationContext.refresh(322) | 3 beans defined in application context [org.springframework.context.support.ClassPathXmlApplicationContext;hashCode=514520120]
 2016-01-12 14:23:32:023-[NOMS][TRM] INFO [main] PropertiesLoaderSupport.loadProperties(175) | Loading properties file from class path resource [db.properties]
 2016-01-12 14:23:32:023-[NOMS][TRM] INFO [main] AbstractApplicationContext.initMessageSource(473) | Unable to locate MessageSource with name 'messageSource': using default [org.springframework.context.support.DelegatingMessageSource@78b274de]
 2016-01-12 14:23:32:023-[NOMS][TRM] INFO [main] AbstractApplicationContext.initApplicationEventMulticaster(495) | Unable to locate ApplicationEventMulticaster with name 'applicationEventMulticaster': using default [org.springframework.context.event.SimpleApplicationEventMulticaster@4317f2b1]
 2016-01-12 14:23:32:023-[NOMS][TRM] INFO [main] DefaultListableBeanFactory.preInstantiateSingletons(261) | Pre-instantiating singletons in factory [org.springframework.beans.factory.support.DefaultListableBeanFactory defining beans [org.springframework.beans.factory.config.PropertyPlaceholderConfigurer,dataSource,dB]; root of BeanFactory hierarchy]
 2016-01-12 14:24:59:024-[NOMS][TRM] INFO [main] CollectionFactory.<clinit>(73) | JDK 1.4+ collections available
 2016-01-12 14:24:59:024-[NOMS][TRM] INFO [main] XmlBeanDefinitionReader.loadBeanDefinitions(330) | Loading XML bean definitions from class path resource [beans.xml]
 2016-01-12 14:24:59:024-[NOMS][TRM] INFO [main] AbstractRefreshableApplicationContext.refreshBeanFactory(100) | Bean factory for application context [org.springframework.context.support.ClassPathXmlApplicationContext;hashCode=1159547694]: org.springframework.beans.factory.support.DefaultListableBeanFactory defining beans [org.springframework.beans.factory.config.PropertyPlaceholderConfigurer,dataSource,dB]; root of BeanFactory hierarchy
 2016-01-12 14:24:59:024-[NOMS][TRM] INFO [main] AbstractApplicationContext.refresh(322) | 3 beans defined in application context [org.springframework.context.support.ClassPathXmlApplicationContext;hashCode=1159547694]
 2016-01-12 14:24:59:024-[NOMS][TRM] INFO [main] PropertiesLoaderSupport.loadProperties(175) | Loading properties file from class path resource [db.properties]
 2016-01-12 14:24:59:024-[NOMS][TRM] INFO [main] AbstractApplicationContext.initMessageSource(473) | Unable to locate MessageSource with name 'messageSource': using default [org.springframework.context.support.DelegatingMessageSource@78b274de]
 2016-01-12 14:24:59:024-[NOMS][TRM] INFO [main] AbstractApplicationContext.initApplicationEventMulticaster(495) | Unable to locate ApplicationEventMulticaster with name 'applicationEventMulticaster': using default [org.springframework.context.event.SimpleApplicationEventMulticaster@4317f2b1]
 2016-01-12 14:24:59:024-[NOMS][TRM] INFO [main] DefaultListableBeanFactory.preInstantiateSingletons(261) | Pre-instantiating singletons in factory [org.springframework.beans.factory.support.DefaultListableBeanFactory defining beans [org.springframework.beans.factory.config.PropertyPlaceholderConfigurer,dataSource,dB]; root of BeanFactory hierarchy]
 